{"level":"error","message":"400 || Not Found - /fart - GET - ::1","timestamp":"2021-11-18T18:46:06.617Z"}
{"level":"error","message":"400 || Not Found - /v1/email/confirmation - GET - ::1","timestamp":"2021-11-20T07:00:10.745Z"}
{"level":"error","message":"400 || Not Found - /v1/email/confirmation - GET - ::1","timestamp":"2021-11-20T07:02:32.696Z"}
{"level":"error","message":"400 || Not Found - /v1/email/confirmation/ - GET - ::1","timestamp":"2021-11-20T07:13:24.827Z"}
{"level":"error","message":"400 || Not Found - /v1/email/confirmation/ - GET - ::1","timestamp":"2021-11-20T07:18:13.981Z"}
{"level":"error","message":"400 || Not Found - /v1/email/confirmation/ - GET - ::1","timestamp":"2021-11-20T07:18:22.844Z"}
{"level":"error","message":"400 || Not Found - /v1/email/confirmation/ - GET - ::1","timestamp":"2021-11-20T07:19:44.037Z"}
{"level":"error","message":"400 || Not Found - /v1 - GET - ::1","timestamp":"2021-11-20T07:21:52.796Z"}
{"level":"error","message":"400 || Not Found - /v1 - GET - ::1","timestamp":"2021-11-20T07:36:25.906Z"}
{"level":"error","message":"400 || Not Found - /v1 - GET - ::1","timestamp":"2021-11-20T07:36:47.390Z"}
{"level":"error","message":"400 || Not Found - /v1 - GET - ::1","timestamp":"2021-11-20T07:39:04.662Z"}
{"level":"error","message":"400 || Not Found - /v1 - GET - ::1","timestamp":"2021-11-20T07:42:59.342Z"}
{"level":"error","message":"400 || Not Found - /v1/ - GET - ::1","timestamp":"2021-11-20T07:43:08.374Z"}
{"level":"error","message":"400 || Not Found - /v1/email - GET - ::1","timestamp":"2021-11-20T07:45:21.051Z"}
{"level":"error","message":"400 || Not Found - /v1/auth/login - POST - ::1","timestamp":"2021-11-21T05:23:44.301Z"}
{"level":"error","message":"400 || Not Found - /api/v1/stats/user - GET - ::1","timestamp":"2021-12-01T05:07:45.525Z"}
{"level":"error","message":"400 || Not Found - /api/v1/stats/user/all - GET - ::1","timestamp":"2021-12-01T05:08:26.566Z"}
{"level":"error","message":"400 || Not Found - /api/v1/stats/user/ - GET - ::1","timestamp":"2021-12-01T05:09:02.233Z"}
{"level":"error","message":"400 || Not Found - /api/v1/stats/user/ - GET - ::1","timestamp":"2021-12-01T05:09:12.701Z"}
{"level":"error","message":"400 || Not Found - /api/v1 - GET - ::1","timestamp":"2021-12-01T05:10:38.309Z"}
{"level":"error","message":"400 || Not Found - /api/v1/stats/user - GET - ::1","timestamp":"2021-12-01T05:13:48.444Z"}
{"level":"error","message":"400 || Not Found - /v1/auth/login - GET - ::1","timestamp":"2021-12-01T05:16:39.756Z"}
{"level":"error","message":"400 || Not Found - /v1/auth/login - GET - ::1","timestamp":"2021-12-01T05:17:47.520Z"}
