{"level":"http","message":"::1 - - [18/Nov/2021:18:46:06 +0000] \"GET /fart HTTP/1.1\" 404 14 \"-\" \"PostmanRuntime/7.28.4\"\n"}
{"level":"http","message":"::1 - - [20/Nov/2021:07:00:10 +0000] \"GET /v1/email/confirmation HTTP/1.1\" 404 14 \"-\" \"PostmanRuntime/7.28.4\"\n"}
{"level":"http","message":"::1 - - [20/Nov/2021:07:02:32 +0000] \"GET /v1/email/confirmation HTTP/1.1\" 404 14 \"-\" \"PostmanRuntime/7.28.4\"\n"}
{"level":"http","message":"::1 - - [20/Nov/2021:07:13:24 +0000] \"GET /v1/email/confirmation/ HTTP/1.1\" 404 14 \"-\" \"PostmanRuntime/7.28.4\"\n"}
{"level":"http","message":"::1 - - [20/Nov/2021:07:18:13 +0000] \"GET /v1/email/confirmation/ HTTP/1.1\" 404 14 \"-\" \"PostmanRuntime/7.28.4\"\n"}
{"level":"http","message":"::1 - - [20/Nov/2021:07:18:22 +0000] \"GET /v1/email/confirmation/ HTTP/1.1\" 404 14 \"-\" \"PostmanRuntime/7.28.4\"\n"}
{"level":"http","message":"::1 - - [20/Nov/2021:07:19:44 +0000] \"GET /v1/email/confirmation/ HTTP/1.1\" 404 14 \"-\" \"PostmanRuntime/7.28.4\"\n"}
{"level":"http","message":"::1 - - [20/Nov/2021:07:21:52 +0000] \"GET /v1 HTTP/1.1\" 404 14 \"-\" \"PostmanRuntime/7.28.4\"\n"}
{"level":"http","message":"::1 - - [20/Nov/2021:07:22:54 +0000] \"GET /v1 HTTP/1.1\" 500 - \"-\" \"PostmanRuntime/7.28.4\"\n"}
{"level":"http","message":"::1 - - [20/Nov/2021:07:23:07 +0000] \"GET /v1 HTTP/1.1\" 500 - \"-\" \"PostmanRuntime/7.28.4\"\n"}
{"level":"http","message":"::1 - - [20/Nov/2021:07:23:41 +0000] \"GET /v1 HTTP/1.1\" 500 - \"-\" \"PostmanRuntime/7.28.4\"\n"}
{"level":"http","message":"::1 - - [20/Nov/2021:07:36:25 +0000] \"GET /v1 HTTP/1.1\" 404 14 \"-\" \"PostmanRuntime/7.28.4\"\n"}
{"level":"http","message":"::1 - - [20/Nov/2021:07:36:47 +0000] \"GET /v1 HTTP/1.1\" 404 14 \"-\" \"PostmanRuntime/7.28.4\"\n"}
{"level":"http","message":"::1 - - [20/Nov/2021:07:39:04 +0000] \"GET /v1 HTTP/1.1\" 404 14 \"-\" \"PostmanRuntime/7.28.4\"\n"}
{"level":"http","message":"::1 - - [20/Nov/2021:07:42:59 +0000] \"GET /v1 HTTP/1.1\" 404 14 \"-\" \"PostmanRuntime/7.28.4\"\n"}
{"level":"http","message":"::1 - - [20/Nov/2021:07:43:08 +0000] \"GET /v1/ HTTP/1.1\" 404 14 \"-\" \"PostmanRuntime/7.28.4\"\n"}
{"level":"http","message":"::1 - - [20/Nov/2021:07:45:21 +0000] \"GET /v1/email HTTP/1.1\" 404 14 \"-\" \"PostmanRuntime/7.28.4\"\n"}
{"level":"http","message":"::1 - - [21/Nov/2021:05:23:44 +0000] \"POST /v1/auth/login HTTP/1.1\" 404 14 \"-\" \"PostmanRuntime/7.28.4\"\n"}
{"level":"http","message":"::1 - - [01/Dec/2021:05:07:45 +0000] \"GET /api/v1/stats/user HTTP/1.1\" 404 14 \"-\" \"PostmanRuntime/7.28.4\"\n"}
{"level":"http","message":"::1 - - [01/Dec/2021:05:08:26 +0000] \"GET /api/v1/stats/user/all HTTP/1.1\" 404 14 \"-\" \"PostmanRuntime/7.28.4\"\n"}
{"level":"http","message":"::1 - - [01/Dec/2021:05:09:02 +0000] \"GET /api/v1/stats/user/ HTTP/1.1\" 404 14 \"-\" \"PostmanRuntime/7.28.4\"\n"}
{"level":"http","message":"::1 - - [01/Dec/2021:05:09:12 +0000] \"GET /api/v1/stats/user/ HTTP/1.1\" 404 14 \"-\" \"PostmanRuntime/7.28.4\"\n"}
{"level":"http","message":"::1 - - [01/Dec/2021:05:10:38 +0000] \"GET /api/v1 HTTP/1.1\" 404 14 \"-\" \"PostmanRuntime/7.28.4\"\n"}
{"level":"http","message":"::1 - - [01/Dec/2021:05:13:48 +0000] \"GET /api/v1/stats/user HTTP/1.1\" 404 14 \"-\" \"PostmanRuntime/7.28.4\"\n"}
{"level":"http","message":"::1 - - [01/Dec/2021:05:16:39 +0000] \"GET /v1/auth/login HTTP/1.1\" 404 14 \"http://localhost:3000/\" \"Mozilla/5.0 (Windows NT 10.0; Win64; x64) AppleWebKit/537.36 (KHTML, like Gecko) Chrome/96.0.4664.45 Safari/537.36\"\n"}
{"level":"http","message":"::1 - - [01/Dec/2021:05:17:47 +0000] \"GET /v1/auth/login HTTP/1.1\" 404 14 \"http://localhost:3000/\" \"Mozilla/5.0 (Windows NT 10.0; Win64; x64) AppleWebKit/537.36 (KHTML, like Gecko) Chrome/96.0.4664.45 Safari/537.36\"\n"}
